<?xml version="1.0" encoding="UTF-8"?>
<!-- Generated by org.testng.reporters.JUnitReportReporter -->
<testsuite hostname="Wanda" failures="0" tests="1" name="SurveyTask.SurveyTask.VerifyUserCanSelectOneAnswerOnly" time="1.912" errors="0" timestamp="2022-01-25T22:56:56 CET" skipped="0">
  <testcase classname="SurveyTask.SurveyTask.VerifyUserCanSelectOneAnswerOnly" name="selectingMultipleAnswers" time="1.912"/>
  <system-out/>
</testsuite> <!-- SurveyTask.SurveyTask.VerifyUserCanSelectOneAnswerOnly -->
