<?xml version="1.0" encoding="UTF-8"?>
<!-- Generated by org.testng.reporters.JUnitReportReporter -->
<testsuite hostname="Wanda" failures="0" tests="1" name="SurveyTask.SurveyTask.VerifyThatTextFieldOnlyAcceptInt" time="2.005" errors="0" timestamp="2022-01-23T23:28:24 CET" skipped="0">
  <testcase classname="SurveyTask.SurveyTask.VerifyThatTextFieldOnlyAcceptInt" name="verifyingEnteringChrs" time="2.005"/>
  <system-out/>
</testsuite> <!-- SurveyTask.SurveyTask.VerifyThatTextFieldOnlyAcceptInt -->
