<?xml version="1.0" encoding="UTF-8"?>
<!-- Generated by org.testng.reporters.JUnitReportReporter -->
<testsuite hostname="Wanda" failures="0" tests="1" name="SurveyTask.SurveyTask.NewTest" time="2.748" errors="0" timestamp="2022-01-22T15:52:39 CET" skipped="0">
  <testcase classname="SurveyTask.SurveyTask.NewTest" name="submitSurveyTest" time="2.748"/>
  <system-out/>
</testsuite> <!-- SurveyTask.SurveyTask.NewTest -->
