<?xml version="1.0" encoding="UTF-8"?>
<!-- Generated by org.testng.reporters.JUnitReportReporter -->
<testsuite hostname="Wanda" failures="0" tests="1" name="SurveyTask.SurveyTask.E2E_Test" time="22.630" errors="0" timestamp="2022-01-26T00:16:18 CET" skipped="0">
  <testcase classname="SurveyTask.SurveyTask.E2E_Test" name="submitSurveyTest" time="22.630"/>
  <system-out/>
</testsuite> <!-- SurveyTask.SurveyTask.E2E_Test -->
