<?xml version="1.0" encoding="UTF-8"?>
<!-- Generated by org.testng.reporters.JUnitReportReporter -->
<testsuite hostname="Wanda" failures="0" tests="3" name="SurveyTask.SurveyTask.VerifyWarningMsgAppearance" time="24.018" errors="0" timestamp="2022-01-22T16:44:55 CET" skipped="0">
  <testcase classname="SurveyTask.SurveyTask.VerifyWarningMsgAppearance" name="q3_ErrorMsgVerification" time="9.209"/>
  <system-out/>
  <testcase classname="SurveyTask.SurveyTask.VerifyWarningMsgAppearance" name="q2_ErrorMsgVerification" time="6.004"/>
  <system-out/>
  <testcase classname="SurveyTask.SurveyTask.VerifyWarningMsgAppearance" name="q1_ErrorMsgVerification" time="8.805"/>
  <system-out/>
</testsuite> <!-- SurveyTask.SurveyTask.VerifyWarningMsgAppearance -->
